<?xml version="1.0" encoding="UTF-8"?>
<!-- Generated by org.testng.reporters.JUnitReportReporter -->
<testsuite hostname="HGAJJELA02" failures="0" tests="5" name="MyRunner.TestRunner" time="124.013" errors="0" timestamp="07 Nov 2020 16:40:43 GMT" skipped="0">
  <testcase classname="MyRunner.TestRunner" name="feature" time="25.464"/>
  <testcase classname="MyRunner.TestRunner" name="feature" time="24.027"/>
  <testcase classname="MyRunner.TestRunner" name="feature" time="23.654"/>
  <testcase classname="MyRunner.TestRunner" name="feature" time="27.685"/>
  <testcase classname="MyRunner.TestRunner" name="feature" time="23.183"/>
</testsuite> <!-- MyRunner.TestRunner -->
