<?xml version="1.0" encoding="UTF-8"?>
<!-- Generated by org.testng.reporters.JUnitReportReporter -->
<testsuite hostname="HGAJJELA02" failures="0" tests="2" name="MyRunner.TestRunner" time="49.223" errors="0" timestamp="07 Nov 2020 15:59:31 GMT" skipped="0">
  <testcase classname="MyRunner.TestRunner" name="feature" time="23.836"/>
  <testcase classname="MyRunner.TestRunner" name="feature" time="25.387"/>
</testsuite> <!-- MyRunner.TestRunner -->
