<?xml version="1.0" encoding="UTF-8"?>
<!-- Generated by org.testng.reporters.JUnitReportReporter -->
<testsuite hostname="HGAJJELA02" failures="0" tests="2" name="MyRunner.TestRunner" time="63.490" errors="0" timestamp="08 Nov 2020 15:08:03 GMT" skipped="0">
  <testcase classname="MyRunner.TestRunner" name="feature" time="39.012"/>
  <testcase classname="MyRunner.TestRunner" name="feature" time="24.478"/>
</testsuite> <!-- MyRunner.TestRunner -->
