<?xml version="1.0" encoding="UTF-8"?>
<!-- Generated by org.testng.reporters.JUnitReportReporter -->
<testsuite hostname="HGAJJELA02" failures="0" tests="1" name="MyRunner.TestRunner" time="35.048" errors="0" timestamp="05 Nov 2020 13:17:39 GMT" skipped="0">
  <testcase classname="MyRunner.TestRunner" name="feature" time="35.048"/>
</testsuite> <!-- MyRunner.TestRunner -->
