<?xml version="1.0" encoding="UTF-8"?>
<!-- Generated by org.testng.reporters.JUnitReportReporter -->
<testsuite hostname="HGAJJELA02" failures="0" tests="1" name="MyRunner.TestRunner" time="41.215" errors="0" timestamp="05 Nov 2020 16:59:20 GMT" skipped="0">
  <testcase classname="MyRunner.TestRunner" name="feature" time="41.215"/>
</testsuite> <!-- MyRunner.TestRunner -->
