<?xml version="1.0" encoding="UTF-8"?>
<!-- Generated by org.testng.reporters.JUnitReportReporter -->
<testsuite hostname="HGAJJELA02" failures="0" tests="1" name="MyRunner.TestRunner" time="24.807" errors="0" timestamp="07 Nov 2020 14:21:59 GMT" skipped="0">
  <testcase classname="MyRunner.TestRunner" name="feature" time="24.807"/>
</testsuite> <!-- MyRunner.TestRunner -->
